This is pdfTeX, Version 3.141592653-2.6-1.40.25 (TeX Live 2023/Debian) (preloaded format=pdflatex 2024.6.1)  4 JUN 2024 15:54
entering extended mode
 restricted \write18 enabled.
 %&-line parsing enabled.
**cebir-ve-evren-defteri.tex
(./cebir-ve-evren-defteri.tex
LaTeX2e <2023-11-01> patch level 1
L3 programming layer <2024-01-22>
(/usr/share/texlive/texmf-dist/tex/latex/base/article.cls
Document Class: article 2023/05/17 v1.4n Standard LaTeX document class
(/usr/share/texlive/texmf-dist/tex/latex/base/size12.clo
File: size12.clo 2023/05/17 v1.4n Standard LaTeX file (size option)
)
\c@part=\count187
\c@section=\count188
\c@subsection=\count189
\c@subsubsection=\count190
\c@paragraph=\count191
\c@subparagraph=\count192
\c@figure=\count193
\c@table=\count194
\abovecaptionskip=\skip48
\belowcaptionskip=\skip49
\bibindent=\dimen140
)
(/usr/share/texlive/texmf-dist/tex/latex/base/inputenc.sty
Package: inputenc 2021/02/14 v1.3d Input encoding file
\inpenc@prehook=\toks17
\inpenc@posthook=\toks18
)
(/usr/share/texlive/texmf-dist/tex/latex/graphics/graphicx.sty
Package: graphicx 2021/09/16 v1.2d Enhanced LaTeX Graphics (DPC,SPQR)

(/usr/share/texlive/texmf-dist/tex/latex/graphics/keyval.sty
Package: keyval 2022/05/29 v1.15 key=value parser (DPC)
\KV@toks@=\toks19
)
(/usr/share/texlive/texmf-dist/tex/latex/graphics/graphics.sty
Package: graphics 2022/03/10 v1.4e Standard LaTeX Graphics (DPC,SPQR)

(/usr/share/texlive/texmf-dist/tex/latex/graphics/trig.sty
Package: trig 2021/08/11 v1.11 sin cos tan (DPC)
)
(/usr/share/texlive/texmf-dist/tex/latex/graphics-cfg/graphics.cfg
File: graphics.cfg 2016/06/04 v1.11 sample graphics configuration
)
Package graphics Info: Driver file: pdftex.def on input line 107.

(/usr/share/texlive/texmf-dist/tex/latex/graphics-def/pdftex.def
File: pdftex.def 2022/09/22 v1.2b Graphics/color driver for pdftex
))
\Gin@req@height=\dimen141
\Gin@req@width=\dimen142
)
(/usr/share/texlive/texmf-dist/tex/latex/geometry/geometry.sty
Package: geometry 2020/01/02 v5.9 Page Geometry

(/usr/share/texlive/texmf-dist/tex/generic/iftex/ifvtex.sty
Package: ifvtex 2019/10/25 v1.7 ifvtex legacy package. Use iftex instead.

(/usr/share/texlive/texmf-dist/tex/generic/iftex/iftex.sty
Package: iftex 2022/02/03 v1.0f TeX engine tests
))
\Gm@cnth=\count195
\Gm@cntv=\count196
\c@Gm@tempcnt=\count197
\Gm@bindingoffset=\dimen143
\Gm@wd@mp=\dimen144
\Gm@odd@mp=\dimen145
\Gm@even@mp=\dimen146
\Gm@layoutwidth=\dimen147
\Gm@layoutheight=\dimen148
\Gm@layouthoffset=\dimen149
\Gm@layoutvoffset=\dimen150
\Gm@dimlist=\toks20
)
(/usr/share/texlive/texmf-dist/tex/latex/amsfonts/amssymb.sty
Package: amssymb 2013/01/14 v3.01 AMS font symbols

(/usr/share/texlive/texmf-dist/tex/latex/amsfonts/amsfonts.sty
Package: amsfonts 2013/01/14 v3.01 Basic AMSFonts support
\@emptytoks=\toks21
\symAMSa=\mathgroup4
\symAMSb=\mathgroup5
LaTeX Font Info:    Redeclaring math symbol \hbar on input line 98.
LaTeX Font Info:    Overwriting math alphabet `\mathfrak' in version `bold'
(Font)                  U/euf/m/n --> U/euf/b/n on input line 106.
))
(/usr/share/texlive/texmf-dist/tex/latex/l3backend/l3backend-pdftex.def
File: l3backend-pdftex.def 2024-01-04 L3 backend support: PDF output (pdfTeX)
\l__color_backend_stack_int=\count198
\l__pdf_internal_box=\box51
)
No file cebir-ve-evren-defteri.aux.
\openout1 = `cebir-ve-evren-defteri.aux'.

LaTeX Font Info:    Checking defaults for OML/cmm/m/it on input line 9.
LaTeX Font Info:    ... okay on input line 9.
LaTeX Font Info:    Checking defaults for OMS/cmsy/m/n on input line 9.
LaTeX Font Info:    ... okay on input line 9.
LaTeX Font Info:    Checking defaults for OT1/cmr/m/n on input line 9.
LaTeX Font Info:    ... okay on input line 9.
LaTeX Font Info:    Checking defaults for T1/cmr/m/n on input line 9.
LaTeX Font Info:    ... okay on input line 9.
LaTeX Font Info:    Checking defaults for TS1/cmr/m/n on input line 9.
LaTeX Font Info:    ... okay on input line 9.
LaTeX Font Info:    Checking defaults for OMX/cmex/m/n on input line 9.
LaTeX Font Info:    ... okay on input line 9.
LaTeX Font Info:    Checking defaults for U/cmr/m/n on input line 9.
LaTeX Font Info:    ... okay on input line 9.
(/usr/share/texlive/texmf-dist/tex/context/base/mkii/supp-pdf.mkii
[Loading MPS to PDF converter (version 2006.09.02).]
\scratchcounter=\count199
\scratchdimen=\dimen151
\scratchbox=\box52
\nofMPsegments=\count266
\nofMParguments=\count267
\everyMPshowfont=\toks22
\MPscratchCnt=\count268
\MPscratchDim=\dimen152
\MPnumerator=\count269
\makeMPintoPDFobject=\count270
\everyMPtoPDFconversion=\toks23
) (/usr/share/texlive/texmf-dist/tex/latex/epstopdf-pkg/epstopdf-base.sty
Package: epstopdf-base 2020-01-24 v2.11 Base part for package epstopdf
Package epstopdf-base Info: Redefining graphics rule for `.eps' on input line 4
85.

(/usr/share/texlive/texmf-dist/tex/latex/latexconfig/epstopdf-sys.cfg
File: epstopdf-sys.cfg 2010/07/13 v1.3 Configuration of (r)epstopdf for TeX Liv
e
))
*geometry* driver: auto-detecting
*geometry* detected driver: pdftex
*geometry* verbose mode - [ preamble ] result:
* driver: pdftex
* paper: a4paper
* layout: <same size as paper>
* layoutoffset:(h,v)=(0.0pt,0.0pt)
* modes: 
* h-part:(L,W,R)=(56.9055pt, 483.69687pt, 56.9055pt)
* v-part:(T,H,B)=(56.9055pt, 731.23584pt, 56.9055pt)
* \paperwidth=597.50787pt
* \paperheight=845.04684pt
* \textwidth=483.69687pt
* \textheight=731.23584pt
* \oddsidemargin=-15.36449pt
* \evensidemargin=-15.36449pt
* \topmargin=-52.36449pt
* \headheight=12.0pt
* \headsep=25.0pt
* \topskip=12.0pt
* \footskip=30.0pt
* \marginparwidth=35.0pt
* \marginparsep=10.0pt
* \columnsep=10.0pt
* \skip\footins=10.8pt plus 4.0pt minus 2.0pt
* \hoffset=0.0pt
* \voffset=0.0pt
* \mag=1000
* \@twocolumnfalse
* \@twosidefalse
* \@mparswitchfalse
* \@reversemarginfalse
* (1in=72.27pt=25.4mm, 1cm=28.453pt)

<cebirlogo.png, id=1, 502.9992pt x 518.1759pt>
File: cebirlogo.png Graphic file (type png)
<use cebirlogo.png>
Package pdftex.def Info: cebirlogo.png  used on input line 14.
(pdftex.def)             Requested size: 386.95897pt x 398.65668pt.
<bootstrap-logo.png, id=3, 157.7895pt x 154.6578pt>
File: bootstrap-logo.png Graphic file (type png)
<use bootstrap-logo.png>
Package pdftex.def Info: bootstrap-logo.png  used on input line 16.
(pdftex.def)             Requested size: 120.92421pt x 118.52284pt.
[1

{/var/lib/texmf/fonts/map/pdftex/updmap/pdftex.map} <./cebirlogo.png> <./bootst
rap-logo.png>]
<cebirkapak-1.png, id=14, 930.47626pt x 1204.5pt>
File: cebirkapak-1.png Graphic file (type png)
<use cebirkapak-1.png>
Package pdftex.def Info: cebirkapak-1.png  used on input line 36.
(pdftex.def)             Requested size: 483.69687pt x 626.14145pt.

Overfull \hbox (17.62482pt too wide) in paragraph at lines 36--37
[][] 
 []

[2 <./cebirkapak-1.png>]
<cebir-bolum-1-000.png, id=19, 278.9622pt x 331.4784pt>
File: cebir-bolum-1-000.png Graphic file (type png)
<use cebir-bolum-1-000.png>
Package pdftex.def Info: cebir-bolum-1-000.png  used on input line 39.
(pdftex.def)             Requested size: 483.69687pt x 574.80019pt.

Overfull \hbox (17.62482pt too wide) in paragraph at lines 39--40
[][] 
 []

[3 <./cebir-bolum-1-000.png>]
LaTeX Font Info:    Trying to load font information for U+msa on input line 44.


(/usr/share/texlive/texmf-dist/tex/latex/amsfonts/umsa.fd
File: umsa.fd 2013/01/14 v3.01 AMS symbols A
)
LaTeX Font Info:    Trying to load font information for U+msb on input line 44.


(/usr/share/texlive/texmf-dist/tex/latex/amsfonts/umsb.fd
File: umsb.fd 2013/01/14 v3.01 AMS symbols B
)
Underfull \hbox (badness 1895) in paragraph at lines 48--48
[]\OT1/cmr/m/n/12 x ko-or-di-nat^^P azal^^Pyor, sola var^^Pnca sa^^Uga
 []


Overfull \hbox (7.54721pt too wide) in paragraph at lines 44--79
[] 
 []

[4]
<ninja-sahne.png, id=27, 124.7862pt x 90.5784pt>
File: ninja-sahne.png Graphic file (type png)
<use ninja-sahne.png>
Package pdftex.def Info: ninja-sahne.png  used on input line 84.
(pdftex.def)             Requested size: 483.69687pt x 351.11342pt.

Overfull \hbox (7.54721pt too wide) in paragraph at lines 88--99
[] 
 []

[5 <./ninja-sahne.png>]
<cebirsplit-3.png, id=31, 1228.59pt x 1589.94pt>
File: cebirsplit-3.png Graphic file (type png)
<use cebirsplit-3.png>
Package pdftex.def Info: cebirsplit-3.png  used on input line 101.
(pdftex.def)             Requested size: 483.69687pt x 625.9694pt.

Overfull \hbox (17.62482pt too wide) in paragraph at lines 101--102
[][] 
 []

[6 <./cebirsplit-3.png>]
<cebirsplit-4.png, id=35, 1228.59pt x 1589.94pt>
File: cebirsplit-4.png Graphic file (type png)
<use cebirsplit-4.png>
Package pdftex.def Info: cebirsplit-4.png  used on input line 103.
(pdftex.def)             Requested size: 483.69687pt x 625.9694pt.

Overfull \hbox (17.62482pt too wide) in paragraph at lines 103--104
[][] 
 []

[7 <./cebirsplit-4.png>]

LaTeX Warning: File `cebir-b√∂l√ºm-2-000.png' not found on input line 105.


! Package pdftex.def Error: File `cebir-b√∂l√ºm-2-000.png' not found: using dra
ft setting.

See the pdftex.def package documentation for explanation.
Type  H <return>  for immediate help.
 ...                                              
                                                  
l.105 ...dth=1\linewidth]{cebir-b√∂l√ºm-2-000.png}
                                                  
Try typing  <return>  to proceed.
If that doesn't work, type  X <return>  to quit.

Missing character: There is no √ in font cmtt12!
Missing character: There is no ∂ in font cmtt12!
Missing character: There is no √ in font cmtt12!
Missing character: There is no º in font cmtt12!

Overfull \hbox (17.62482pt too wide) in paragraph at lines 105--106
[][] 
 []

[8]
<cebirsplit-6.png, id=44, 1228.59pt x 1589.94pt>
File: cebirsplit-6.png Graphic file (type png)
<use cebirsplit-6.png>
Package pdftex.def Info: cebirsplit-6.png  used on input line 107.
(pdftex.def)             Requested size: 483.69687pt x 625.9694pt.

Overfull \hbox (17.62482pt too wide) in paragraph at lines 107--108
[][] 
 []

[9 <./cebirsplit-6.png>]
<cebirsplit-7.png, id=48, 1228.59pt x 1589.94pt>
File: cebirsplit-7.png Graphic file (type png)
<use cebirsplit-7.png>
Package pdftex.def Info: cebirsplit-7.png  used on input line 109.
(pdftex.def)             Requested size: 483.69687pt x 625.9694pt.

Overfull \hbox (17.62482pt too wide) in paragraph at lines 109--110
[][] 
 []

[10 <./cebirsplit-7.png>]
<cebirsplit-8.png, id=52, 1228.59pt x 1589.94pt>
File: cebirsplit-8.png Graphic file (type png)
<use cebirsplit-8.png>
Package pdftex.def Info: cebirsplit-8.png  used on input line 111.
(pdftex.def)             Requested size: 483.69687pt x 625.9694pt.

Overfull \hbox (17.62482pt too wide) in paragraph at lines 111--112
[][] 
 []

[11 <./cebirsplit-8.png>]
<cebirsplit-9.png, id=56, 1228.59pt x 1589.94pt>
File: cebirsplit-9.png Graphic file (type png)
<use cebirsplit-9.png>
Package pdftex.def Info: cebirsplit-9.png  used on input line 113.
(pdftex.def)             Requested size: 483.69687pt x 625.9694pt.

Overfull \hbox (17.62482pt too wide) in paragraph at lines 113--114
[][] 
 []

[12 <./cebirsplit-9.png>]
<cebirsplit-10.png, id=60, 1228.59pt x 1589.94pt>
File: cebirsplit-10.png Graphic file (type png)
<use cebirsplit-10.png>
Package pdftex.def Info: cebirsplit-10.png  used on input line 115.
(pdftex.def)             Requested size: 483.69687pt x 625.9694pt.

Overfull \hbox (17.62482pt too wide) in paragraph at lines 115--116
[][] 
 []

[13 <./cebirsplit-10.png>]
<cebirsplit-11.png, id=66, 1228.59pt x 1589.94pt>
File: cebirsplit-11.png Graphic file (type png)
<use cebirsplit-11.png>
Package pdftex.def Info: cebirsplit-11.png  used on input line 117.
(pdftex.def)             Requested size: 483.69687pt x 625.9694pt.

Overfull \hbox (17.62482pt too wide) in paragraph at lines 117--118
[][] 
 []

[14 <./cebirsplit-11.png>]
<cebirsplit-12.png, id=70, 1228.59pt x 1589.94pt>
File: cebirsplit-12.png Graphic file (type png)
<use cebirsplit-12.png>
Package pdftex.def Info: cebirsplit-12.png  used on input line 119.
(pdftex.def)             Requested size: 483.69687pt x 625.9694pt.

Overfull \hbox (17.62482pt too wide) in paragraph at lines 119--120
[][] 
 []

[15 <./cebirsplit-12.png>]
<cebirsplit-13.png, id=74, 1228.59pt x 1589.94pt>
File: cebirsplit-13.png Graphic file (type png)
<use cebirsplit-13.png>
Package pdftex.def Info: cebirsplit-13.png  used on input line 121.
(pdftex.def)             Requested size: 483.69687pt x 625.9694pt.

Overfull \hbox (17.62482pt too wide) in paragraph at lines 121--122
[][] 
 []

[16 <./cebirsplit-13.png>]
<cebirsplit-14.png, id=79, 1228.59pt x 1589.94pt>
File: cebirsplit-14.png Graphic file (type png)
<use cebirsplit-14.png>
Package pdftex.def Info: cebirsplit-14.png  used on input line 123.
(pdftex.def)             Requested size: 483.69687pt x 625.9694pt.

Overfull \hbox (17.62482pt too wide) in paragraph at lines 123--124
[][] 
 []

[17 <./cebirsplit-14.png>]
<cebirsplit-15.png, id=83, 1228.59pt x 1589.94pt>
File: cebirsplit-15.png Graphic file (type png)
<use cebirsplit-15.png>
Package pdftex.def Info: cebirsplit-15.png  used on input line 125.
(pdftex.def)             Requested size: 483.69687pt x 625.9694pt.

Overfull \hbox (17.62482pt too wide) in paragraph at lines 125--126
[][] 
 []

[18 <./cebirsplit-15.png>]
<cebirsplit-16.png, id=87, 1228.59pt x 1589.94pt>
File: cebirsplit-16.png Graphic file (type png)
<use cebirsplit-16.png>
Package pdftex.def Info: cebirsplit-16.png  used on input line 127.
(pdftex.def)             Requested size: 483.69687pt x 625.9694pt.

Overfull \hbox (17.62482pt too wide) in paragraph at lines 127--128
[][] 
 []

[19 <./cebirsplit-16.png>]
<cebirsplit-17.png, id=92, 1228.59pt x 1589.94pt>
File: cebirsplit-17.png Graphic file (type png)
<use cebirsplit-17.png>
Package pdftex.def Info: cebirsplit-17.png  used on input line 129.
(pdftex.def)             Requested size: 483.69687pt x 625.9694pt.

Overfull \hbox (17.62482pt too wide) in paragraph at lines 129--130
[][] 
 []

[20 <./cebirsplit-17.png>]
<cebirsplit-18.png, id=97, 1228.59pt x 1589.94pt>
File: cebirsplit-18.png Graphic file (type png)
<use cebirsplit-18.png>
Package pdftex.def Info: cebirsplit-18.png  used on input line 131.
(pdftex.def)             Requested size: 483.69687pt x 625.9694pt.

Overfull \hbox (17.62482pt too wide) in paragraph at lines 131--132
[][] 
 []

[21 <./cebirsplit-18.png>]
<cebirsplit-19.png, id=101, 1228.59pt x 1589.94pt>
File: cebirsplit-19.png Graphic file (type png)
<use cebirsplit-19.png>
Package pdftex.def Info: cebirsplit-19.png  used on input line 133.
(pdftex.def)             Requested size: 483.69687pt x 625.9694pt.

Overfull \hbox (17.62482pt too wide) in paragraph at lines 133--134
[][] 
 []

[22 <./cebirsplit-19.png>]
<cebirsplit-20.png, id=105, 1228.59pt x 1589.94pt>
File: cebirsplit-20.png Graphic file (type png)
<use cebirsplit-20.png>
Package pdftex.def Info: cebirsplit-20.png  used on input line 135.
(pdftex.def)             Requested size: 483.69687pt x 625.9694pt.

Overfull \hbox (17.62482pt too wide) in paragraph at lines 135--136
[][] 
 []

[23 <./cebirsplit-20.png>]
<cebirsplit-21.png, id=109, 1228.59pt x 1589.94pt>
File: cebirsplit-21.png Graphic file (type png)
<use cebirsplit-21.png>
Package pdftex.def Info: cebirsplit-21.png  used on input line 137.
(pdftex.def)             Requested size: 483.69687pt x 625.9694pt.

Overfull \hbox (17.62482pt too wide) in paragraph at lines 137--138
[][] 
 []

[24 <./cebirsplit-21.png>]
<cebirsplit-22.png, id=114, 1228.59pt x 1589.94pt>
File: cebirsplit-22.png Graphic file (type png)
<use cebirsplit-22.png>
Package pdftex.def Info: cebirsplit-22.png  used on input line 139.
(pdftex.def)             Requested size: 483.69687pt x 625.9694pt.

Overfull \hbox (17.62482pt too wide) in paragraph at lines 139--140
[][] 
 []

[25 <./cebirsplit-22.png>]
<cebirsplit-23.png, id=119, 1228.59pt x 1589.94pt>
File: cebirsplit-23.png Graphic file (type png)
<use cebirsplit-23.png>
Package pdftex.def Info: cebirsplit-23.png  used on input line 141.
(pdftex.def)             Requested size: 483.69687pt x 625.9694pt.

Overfull \hbox (17.62482pt too wide) in paragraph at lines 141--142
[][] 
 []

[26 <./cebirsplit-23.png>]
<cebirsplit-24.png, id=123, 1228.59pt x 1589.94pt>
File: cebirsplit-24.png Graphic file (type png)
<use cebirsplit-24.png>
Package pdftex.def Info: cebirsplit-24.png  used on input line 143.
(pdftex.def)             Requested size: 483.69687pt x 625.9694pt.

Overfull \hbox (17.62482pt too wide) in paragraph at lines 143--144
[][] 
 []

[27 <./cebirsplit-24.png>]
<cebirsplit-25.png, id=127, 1228.59pt x 1589.94pt>
File: cebirsplit-25.png Graphic file (type png)
<use cebirsplit-25.png>
Package pdftex.def Info: cebirsplit-25.png  used on input line 145.
(pdftex.def)             Requested size: 483.69687pt x 625.9694pt.

Overfull \hbox (17.62482pt too wide) in paragraph at lines 145--146
[][] 
 []

[28 <./cebirsplit-25.png>]
<cebirsplit-26.png, id=131, 1228.59pt x 1589.94pt>
File: cebirsplit-26.png Graphic file (type png)
<use cebirsplit-26.png>
Package pdftex.def Info: cebirsplit-26.png  used on input line 147.
(pdftex.def)             Requested size: 483.69687pt x 625.9694pt.

Overfull \hbox (17.62482pt too wide) in paragraph at lines 147--148
[][] 
 []

[29 <./cebirsplit-26.png>]
<cebirsplit-27.png, id=135, 1228.59pt x 1589.94pt>
File: cebirsplit-27.png Graphic file (type png)
<use cebirsplit-27.png>
Package pdftex.def Info: cebirsplit-27.png  used on input line 149.
(pdftex.def)             Requested size: 483.69687pt x 625.9694pt.

Overfull \hbox (17.62482pt too wide) in paragraph at lines 149--150
[][] 
 []

[30 <./cebirsplit-27.png>]
<cebirsplit-28.png, id=139, 1228.59pt x 1589.94pt>
File: cebirsplit-28.png Graphic file (type png)
<use cebirsplit-28.png>
Package pdftex.def Info: cebirsplit-28.png  used on input line 151.
(pdftex.def)             Requested size: 483.69687pt x 625.9694pt.

Overfull \hbox (17.62482pt too wide) in paragraph at lines 151--152
[][] 
 []

[31 <./cebirsplit-28.png>]
<cebirsplit-29.png, id=144, 1228.59pt x 1589.94pt>
File: cebirsplit-29.png Graphic file (type png)
<use cebirsplit-29.png>
Package pdftex.def Info: cebirsplit-29.png  used on input line 153.
(pdftex.def)             Requested size: 483.69687pt x 625.9694pt.

Overfull \hbox (17.62482pt too wide) in paragraph at lines 153--154
[][] 
 []

[32 <./cebirsplit-29.png>]
<cebirsplit-30.png, id=148, 1228.59pt x 1589.94pt>
File: cebirsplit-30.png Graphic file (type png)
<use cebirsplit-30.png>
Package pdftex.def Info: cebirsplit-30.png  used on input line 155.
(pdftex.def)             Requested size: 483.69687pt x 625.9694pt.

Overfull \hbox (17.62482pt too wide) in paragraph at lines 155--156
[][] 
 []

[33 <./cebirsplit-30.png>]
<cebirsplit-31.png, id=152, 1228.59pt x 1589.94pt>
File: cebirsplit-31.png Graphic file (type png)
<use cebirsplit-31.png>
Package pdftex.def Info: cebirsplit-31.png  used on input line 157.
(pdftex.def)             Requested size: 483.69687pt x 625.9694pt.

Overfull \hbox (17.62482pt too wide) in paragraph at lines 157--158
[][] 
 []

[34 <./cebirsplit-31.png>]
<cebirsplit-32.png, id=156, 1228.59pt x 1589.94pt>
File: cebirsplit-32.png Graphic file (type png)
<use cebirsplit-32.png>
Package pdftex.def Info: cebirsplit-32.png  used on input line 159.
(pdftex.def)             Requested size: 483.69687pt x 625.9694pt.

Overfull \hbox (17.62482pt too wide) in paragraph at lines 159--160
[][] 
 []

[35 <./cebirsplit-32.png>]
<cebirsplit-33.png, id=160, 1228.59pt x 1589.94pt>
File: cebirsplit-33.png Graphic file (type png)
<use cebirsplit-33.png>
Package pdftex.def Info: cebirsplit-33.png  used on input line 161.
(pdftex.def)             Requested size: 483.69687pt x 625.9694pt.

Overfull \hbox (17.62482pt too wide) in paragraph at lines 161--162
[][] 
 []

[36 <./cebirsplit-33.png>]
<cebirsplit-34.png, id=164, 1228.59pt x 1589.94pt>
File: cebirsplit-34.png Graphic file (type png)
<use cebirsplit-34.png>
Package pdftex.def Info: cebirsplit-34.png  used on input line 163.
(pdftex.def)             Requested size: 483.69687pt x 625.9694pt.

Overfull \hbox (17.62482pt too wide) in paragraph at lines 163--164
[][] 
 []

[37 <./cebirsplit-34.png>]
<cebirsplit-35.png, id=169, 1228.59pt x 1589.94pt>
File: cebirsplit-35.png Graphic file (type png)
<use cebirsplit-35.png>
Package pdftex.def Info: cebirsplit-35.png  used on input line 165.
(pdftex.def)             Requested size: 483.69687pt x 625.9694pt.

Overfull \hbox (17.62482pt too wide) in paragraph at lines 165--166
[][] 
 []

[38 <./cebirsplit-35.png>]
<cebirsplit-36.png, id=174, 1228.59pt x 1589.94pt>
File: cebirsplit-36.png Graphic file (type png)
<use cebirsplit-36.png>
Package pdftex.def Info: cebirsplit-36.png  used on input line 167.
(pdftex.def)             Requested size: 483.69687pt x 625.9694pt.

Overfull \hbox (17.62482pt too wide) in paragraph at lines 167--168
[][] 
 []

[39 <./cebirsplit-36.png>]
<cebirsplit-37.png, id=178, 1228.59pt x 1589.94pt>
File: cebirsplit-37.png Graphic file (type png)
<use cebirsplit-37.png>
Package pdftex.def Info: cebirsplit-37.png  used on input line 169.
(pdftex.def)             Requested size: 483.69687pt x 625.9694pt.

Overfull \hbox (17.62482pt too wide) in paragraph at lines 169--170
[][] 
 []

[40 <./cebirsplit-37.png>]
<cebirsplit-38.png, id=182, 1228.59pt x 1589.94pt>
File: cebirsplit-38.png Graphic file (type png)
<use cebirsplit-38.png>
Package pdftex.def Info: cebirsplit-38.png  used on input line 171.
(pdftex.def)             Requested size: 483.69687pt x 625.9694pt.

Overfull \hbox (17.62482pt too wide) in paragraph at lines 171--172
[][] 
 []

[41 <./cebirsplit-38.png>]
<cebirsplit-39.png, id=187, 1228.59pt x 1589.94pt>
File: cebirsplit-39.png Graphic file (type png)
<use cebirsplit-39.png>
Package pdftex.def Info: cebirsplit-39.png  used on input line 173.
(pdftex.def)             Requested size: 483.69687pt x 625.9694pt.

Overfull \hbox (17.62482pt too wide) in paragraph at lines 173--174
[][] 
 []

[42 <./cebirsplit-39.png>]
<cebirsplit-40.png, id=191, 1228.59pt x 1589.94pt>
File: cebirsplit-40.png Graphic file (type png)
<use cebirsplit-40.png>
Package pdftex.def Info: cebirsplit-40.png  used on input line 175.
(pdftex.def)             Requested size: 483.69687pt x 625.9694pt.

Overfull \hbox (17.62482pt too wide) in paragraph at lines 175--176
[][] 
 []

[43 <./cebirsplit-40.png>]
<cebirsplit-41.png, id=196, 1228.59pt x 1589.94pt>
File: cebirsplit-41.png Graphic file (type png)
<use cebirsplit-41.png>
Package pdftex.def Info: cebirsplit-41.png  used on input line 177.
(pdftex.def)             Requested size: 483.69687pt x 625.9694pt.

Overfull \hbox (17.62482pt too wide) in paragraph at lines 177--178
[][] 
 []

[44 <./cebirsplit-41.png>]
<cebirsplit-42.png, id=200, 1228.59pt x 1589.94pt>
File: cebirsplit-42.png Graphic file (type png)
<use cebirsplit-42.png>
Package pdftex.def Info: cebirsplit-42.png  used on input line 179.
(pdftex.def)             Requested size: 483.69687pt x 625.9694pt.

Overfull \hbox (17.62482pt too wide) in paragraph at lines 179--180
[][] 
 []

[45 <./cebirsplit-42.png>]
<cebirsplit-43.png, id=204, 1228.59pt x 1589.94pt>
File: cebirsplit-43.png Graphic file (type png)
<use cebirsplit-43.png>
Package pdftex.def Info: cebirsplit-43.png  used on input line 181.
(pdftex.def)             Requested size: 483.69687pt x 625.9694pt.

Overfull \hbox (17.62482pt too wide) in paragraph at lines 181--182
[][] 
 []

[46 <./cebirsplit-43.png>]
<cebirsplit-44.png, id=209, 1228.59pt x 1589.94pt>
File: cebirsplit-44.png Graphic file (type png)
<use cebirsplit-44.png>
Package pdftex.def Info: cebirsplit-44.png  used on input line 183.
(pdftex.def)             Requested size: 483.69687pt x 625.9694pt.

Overfull \hbox (17.62482pt too wide) in paragraph at lines 183--184
[][] 
 []

[47 <./cebirsplit-44.png>]
<cebirsplit-45.png, id=213, 1228.59pt x 1589.94pt>
File: cebirsplit-45.png Graphic file (type png)
<use cebirsplit-45.png>
Package pdftex.def Info: cebirsplit-45.png  used on input line 185.
(pdftex.def)             Requested size: 483.69687pt x 625.9694pt.

Overfull \hbox (17.62482pt too wide) in paragraph at lines 185--186
[][] 
 []

[48 <./cebirsplit-45.png>]
<cebirsplit-46.png, id=217, 1228.59pt x 1589.94pt>
File: cebirsplit-46.png Graphic file (type png)
<use cebirsplit-46.png>
Package pdftex.def Info: cebirsplit-46.png  used on input line 187.
(pdftex.def)             Requested size: 483.69687pt x 625.9694pt.

Overfull \hbox (17.62482pt too wide) in paragraph at lines 187--188
[][] 
 []

[49 <./cebirsplit-46.png>]
<cebirsplit-47.png, id=223, 1228.59pt x 1589.94pt>
File: cebirsplit-47.png Graphic file (type png)
<use cebirsplit-47.png>
Package pdftex.def Info: cebirsplit-47.png  used on input line 189.
(pdftex.def)             Requested size: 483.69687pt x 625.9694pt.

Overfull \hbox (17.62482pt too wide) in paragraph at lines 189--190
[][] 
 []

[50 <./cebirsplit-47.png>]
<cebirsplit-48.png, id=229, 1228.59pt x 1589.94pt>
File: cebirsplit-48.png Graphic file (type png)
<use cebirsplit-48.png>
Package pdftex.def Info: cebirsplit-48.png  used on input line 191.
(pdftex.def)             Requested size: 483.69687pt x 625.9694pt.

Overfull \hbox (17.62482pt too wide) in paragraph at lines 191--192
[][] 
 []

[51 <./cebirsplit-48.png>]
<cebirsplit-49.png, id=234, 1228.59pt x 1589.94pt>
File: cebirsplit-49.png Graphic file (type png)
<use cebirsplit-49.png>
Package pdftex.def Info: cebirsplit-49.png  used on input line 193.
(pdftex.def)             Requested size: 483.69687pt x 625.9694pt.

Overfull \hbox (17.62482pt too wide) in paragraph at lines 193--194
[][] 
 []

[52 <./cebirsplit-49.png>]
<cebirsplit-50.png, id=239, 1228.59pt x 1589.94pt>
File: cebirsplit-50.png Graphic file (type png)
<use cebirsplit-50.png>
Package pdftex.def Info: cebirsplit-50.png  used on input line 195.
(pdftex.def)             Requested size: 483.69687pt x 625.9694pt.

Overfull \hbox (17.62482pt too wide) in paragraph at lines 195--196
[][] 
 []

[53 <./cebirsplit-50.png>]
<cebirsplit-51.png, id=244, 1228.59pt x 1589.94pt>
File: cebirsplit-51.png Graphic file (type png)
<use cebirsplit-51.png>
Package pdftex.def Info: cebirsplit-51.png  used on input line 197.
(pdftex.def)             Requested size: 483.69687pt x 625.9694pt.

Overfull \hbox (17.62482pt too wide) in paragraph at lines 197--198
[][] 
 []

[54 <./cebirsplit-51.png>]
<cebirsplit-52.png, id=249, 1228.59pt x 1589.94pt>
File: cebirsplit-52.png Graphic file (type png)
<use cebirsplit-52.png>
Package pdftex.def Info: cebirsplit-52.png  used on input line 199.
(pdftex.def)             Requested size: 483.69687pt x 625.9694pt.

Overfull \hbox (17.62482pt too wide) in paragraph at lines 199--200
[][] 
 []

[55 <./cebirsplit-52.png>]
<cebirsplit-53.png, id=255, 1228.59pt x 1589.94pt>
File: cebirsplit-53.png Graphic file (type png)
<use cebirsplit-53.png>
Package pdftex.def Info: cebirsplit-53.png  used on input line 201.
(pdftex.def)             Requested size: 483.69687pt x 625.9694pt.

Overfull \hbox (17.62482pt too wide) in paragraph at lines 201--202
[][] 
 []

[56 <./cebirsplit-53.png>]
<cebirsplit-54.png, id=260, 1228.59pt x 1589.94pt>
File: cebirsplit-54.png Graphic file (type png)
<use cebirsplit-54.png>
Package pdftex.def Info: cebirsplit-54.png  used on input line 203.
(pdftex.def)             Requested size: 483.69687pt x 625.9694pt.

Overfull \hbox (17.62482pt too wide) in paragraph at lines 203--204
[][] 
 []

[57 <./cebirsplit-54.png>]
<cebirsplit-55.png, id=265, 1228.59pt x 1589.94pt>
File: cebirsplit-55.png Graphic file (type png)
<use cebirsplit-55.png>
Package pdftex.def Info: cebirsplit-55.png  used on input line 205.
(pdftex.def)             Requested size: 483.69687pt x 625.9694pt.

Overfull \hbox (17.62482pt too wide) in paragraph at lines 205--206
[][] 
 []

[58 <./cebirsplit-55.png>]
<reactive.png, id=270, 837.1275pt x 891.33pt>
File: reactive.png Graphic file (type png)
<use reactive.png>
Package pdftex.def Info: reactive.png  used on input line 211.
(pdftex.def)             Requested size: 386.95897pt x 412.00247pt.
File: bootstrap-logo.png Graphic file (type png)
<use bootstrap-logo.png>
Package pdftex.def Info: bootstrap-logo.png  used on input line 213.
(pdftex.def)             Requested size: 120.92421pt x 118.52284pt.
 [59 <./reactive.png>]
Overfull \hbox (7.54721pt too wide) in paragraph at lines 236--253
[] 
 []


Overfull \hbox (11.99997pt too wide) in paragraph at lines 255--261
[] 
 []

[60]
Overfull \hbox (7.54721pt too wide) in paragraph at lines 269--276
[] 
 []


Overfull \hbox (11.99997pt too wide) in paragraph at lines 278--285
[] 
 []


Overfull \hbox (7.54721pt too wide) in paragraph at lines 287--300
[] 
 []


Overfull \hbox (11.99997pt too wide) in paragraph at lines 302--310
[] 
 []

[61]
Overfull \hbox (7.54721pt too wide) in paragraph at lines 314--321
[] 
 []


Overfull \hbox (11.99997pt too wide) in paragraph at lines 323--330
[] 
 []


Overfull \hbox (7.54721pt too wide) in paragraph at lines 332--345
[] 
 []


Overfull \hbox (11.99997pt too wide) in paragraph at lines 347--356
[] 
 []

[62]
Overfull \hbox (7.54721pt too wide) in paragraph at lines 360--367
[] 
 []


Overfull \hbox (11.99997pt too wide) in paragraph at lines 369--376
[] 
 []


Overfull \hbox (7.54721pt too wide) in paragraph at lines 378--391
[] 
 []


Overfull \hbox (11.99997pt too wide) in paragraph at lines 393--402
[] 
 []

[63]
Overfull \hbox (7.54721pt too wide) in paragraph at lines 410--421
[] 
 []


Overfull \hbox (11.99997pt too wide) in paragraph at lines 423--429
[] 
 []

[64]
Overfull \hbox (7.54721pt too wide) in paragraph at lines 444--451
[] 
 []


Overfull \hbox (11.99997pt too wide) in paragraph at lines 453--460
[] 
 []


Overfull \hbox (7.54721pt too wide) in paragraph at lines 462--475
[] 
 []


Overfull \hbox (11.99997pt too wide) in paragraph at lines 477--486
[] 
 []

[65]
Overfull \hbox (7.54721pt too wide) in paragraph at lines 501--508
[] 
 []


Overfull \hbox (11.99997pt too wide) in paragraph at lines 510--517
[] 
 []


Overfull \hbox (7.54721pt too wide) in paragraph at lines 519--532
[] 
 []


Overfull \hbox (11.99997pt too wide) in paragraph at lines 534--543
[] 
 []

[66]
Overfull \hbox (7.54721pt too wide) in paragraph at lines 558--565
[] 
 []


Overfull \hbox (11.99997pt too wide) in paragraph at lines 567--574
[] 
 []


Overfull \hbox (7.54721pt too wide) in paragraph at lines 576--589
[] 
 []


Overfull \hbox (11.99997pt too wide) in paragraph at lines 591--600
[] 
 []

[67]
Overfull \hbox (7.54721pt too wide) in paragraph at lines 615--622
[] 
 []


Overfull \hbox (11.99997pt too wide) in paragraph at lines 624--631
[] 
 []


Overfull \hbox (7.54721pt too wide) in paragraph at lines 633--646
[] 
 []


Overfull \hbox (11.99997pt too wide) in paragraph at lines 648--657
[] 
 []

[68]
Overfull \hbox (7.54721pt too wide) in paragraph at lines 672--679
[] 
 []


Overfull \hbox (11.99997pt too wide) in paragraph at lines 681--688
[] 
 []


Overfull \hbox (7.54721pt too wide) in paragraph at lines 690--703
[] 
 []


Overfull \hbox (11.99997pt too wide) in paragraph at lines 705--713
[] 
 []

[69] [70] [71] [72] [73] [74]
Overfull \hbox (7.54721pt too wide) in paragraph at lines 859--880
[] 
 []


Overfull \hbox (11.99997pt too wide) in paragraph at lines 882--888
[] 
 []

[75]
Overfull \hbox (7.54721pt too wide) in paragraph at lines 903--910
[] 
 []


Overfull \hbox (11.99997pt too wide) in paragraph at lines 912--919
[] 
 []


Overfull \hbox (7.54721pt too wide) in paragraph at lines 921--934
[] 
 []


Overfull \hbox (11.99997pt too wide) in paragraph at lines 936--944
[] 
 []

[76]
Overfull \hbox (7.54721pt too wide) in paragraph at lines 958--965
[] 
 []


Overfull \hbox (11.99997pt too wide) in paragraph at lines 967--974
[] 
 []


Overfull \hbox (7.54721pt too wide) in paragraph at lines 976--989
[] 
 []


Overfull \hbox (11.99997pt too wide) in paragraph at lines 991--999
[] 
 []

[77]
Overfull \hbox (7.54721pt too wide) in paragraph at lines 1013--1034
[] 
 []


Overfull \hbox (11.99997pt too wide) in paragraph at lines 1036--1042
[] 
 []

[78]
Overfull \hbox (7.54721pt too wide) in paragraph at lines 1058--1065
[] 
 []


Overfull \hbox (11.99997pt too wide) in paragraph at lines 1067--1074
[] 
 []


Overfull \hbox (7.54721pt too wide) in paragraph at lines 1076--1089
[] 
 []


Overfull \hbox (11.99997pt too wide) in paragraph at lines 1091--1099
[] 
 []

[79]
Overfull \hbox (7.54721pt too wide) in paragraph at lines 1114--1121
[] 
 []


Overfull \hbox (11.99997pt too wide) in paragraph at lines 1123--1130
[] 
 []


Overfull \hbox (7.54721pt too wide) in paragraph at lines 1132--1145
[] 
 []


Overfull \hbox (11.99997pt too wide) in paragraph at lines 1147--1158
[] 
 []

[80]
Overfull \hbox (7.54721pt too wide) in paragraph at lines 1169--1176
[] 
 []


Overfull \hbox (11.99997pt too wide) in paragraph at lines 1178--1185
[] 
 []


Overfull \hbox (7.54721pt too wide) in paragraph at lines 1187--1200
[] 
 []


Overfull \hbox (11.99997pt too wide) in paragraph at lines 1202--1213
[] 
 []

[81] [82] [83] [84] [85]
Overfull \hbox (7.54721pt too wide) in paragraph at lines 1335--1356
[] 
 []


Overfull \hbox (11.99997pt too wide) in paragraph at lines 1358--1364
[] 
 []

[86]
Overfull \hbox (7.54721pt too wide) in paragraph at lines 1377--1398
[] 
 []


Overfull \hbox (11.99997pt too wide) in paragraph at lines 1400--1406
[] 
 []

[87]
Overfull \hbox (7.54721pt too wide) in paragraph at lines 1419--1440
[] 
 []


Overfull \hbox (11.99997pt too wide) in paragraph at lines 1442--1448
[] 
 []

[88]
Overfull \hbox (7.54721pt too wide) in paragraph at lines 1461--1482
[] 
 []


Overfull \hbox (11.99997pt too wide) in paragraph at lines 1484--1490
[] 
 []

[89]
Overfull \hbox (7.54721pt too wide) in paragraph at lines 1505--1526
[] 
 []


Overfull \hbox (11.99997pt too wide) in paragraph at lines 1528--1534
[] 
 []

[90]
Overfull \hbox (7.54721pt too wide) in paragraph at lines 1548--1555
[] 
 []


Overfull \hbox (11.99997pt too wide) in paragraph at lines 1557--1564
[] 
 []


Overfull \hbox (7.54721pt too wide) in paragraph at lines 1566--1579
[] 
 []


Overfull \hbox (11.99997pt too wide) in paragraph at lines 1581--1589
[] 
 []

[91]
Overfull \hbox (7.54721pt too wide) in paragraph at lines 1604--1611
[] 
 []


Overfull \hbox (11.99997pt too wide) in paragraph at lines 1613--1620
[] 
 []


Overfull \hbox (7.54721pt too wide) in paragraph at lines 1622--1635
[] 
 []


Overfull \hbox (11.99997pt too wide) in paragraph at lines 1637--1645
[] 
 []

[92]
Underfull \hbox (badness 10000) in paragraph at lines 1664--1664
[]\OT1/cmr/m/n/12 evren-g^^?uncelle-
 []


Overfull \hbox (7.54721pt too wide) in paragraph at lines 1660--1667
[] 
 []


Overfull \hbox (11.99997pt too wide) in paragraph at lines 1669--1676
[] 
 []


Overfull \hbox (7.54721pt too wide) in paragraph at lines 1678--1691
[] 
 []


Overfull \hbox (11.99997pt too wide) in paragraph at lines 1693--1701
[] 
 []

[93]
Overfull \hbox (7.54721pt too wide) in paragraph at lines 1714--1721
[] 
 []


Overfull \hbox (11.99997pt too wide) in paragraph at lines 1723--1730
[] 
 []


Overfull \hbox (7.54721pt too wide) in paragraph at lines 1732--1745
[] 
 []


Overfull \hbox (11.99997pt too wide) in paragraph at lines 1747--1755
[] 
 []

[94]
Overfull \hbox (7.54721pt too wide) in paragraph at lines 1767--1774
[] 
 []


Overfull \hbox (11.99997pt too wide) in paragraph at lines 1776--1783
[] 
 []


Overfull \hbox (7.54721pt too wide) in paragraph at lines 1785--1798
[] 
 []


Overfull \hbox (11.99997pt too wide) in paragraph at lines 1800--1808
[] 
 []

[95]
Overfull \hbox (7.54721pt too wide) in paragraph at lines 1821--1828
[] 
 []


Overfull \hbox (11.99997pt too wide) in paragraph at lines 1830--1837
[] 
 []


Overfull \hbox (7.54721pt too wide) in paragraph at lines 1839--1852
[] 
 []


Overfull \hbox (11.99997pt too wide) in paragraph at lines 1854--1862
[] 
 []

[96] [97]
Overfull \hbox (7.54721pt too wide) in paragraph at lines 1878--1899
[] 
 []


Overfull \hbox (11.99997pt too wide) in paragraph at lines 1901--1907
[] 
 []

[98]
Overfull \hbox (7.54721pt too wide) in paragraph at lines 1921--1942
[] 
 []


Overfull \hbox (11.99997pt too wide) in paragraph at lines 1944--1950
[] 
 []

[99]
Overfull \hbox (7.54721pt too wide) in paragraph at lines 1964--1985
[] 
 []


Overfull \hbox (11.99997pt too wide) in paragraph at lines 1987--1993
[] 
 []

[100]
Overfull \hbox (7.54721pt too wide) in paragraph at lines 2007--2028
[] 
 []


Overfull \hbox (11.99997pt too wide) in paragraph at lines 2030--2036
[] 
 []

[101]
Overfull \hbox (7.54721pt too wide) in paragraph at lines 2050--2071
[] 
 []


Overfull \hbox (11.99997pt too wide) in paragraph at lines 2073--2079
[] 
 []

[102]
Overfull \hbox (7.54721pt too wide) in paragraph at lines 2093--2114
[] 
 []


Overfull \hbox (11.99997pt too wide) in paragraph at lines 2116--2122
[] 
 []

[103]
Overfull \hbox (7.54721pt too wide) in paragraph at lines 2136--2157
[] 
 []


Overfull \hbox (11.99997pt too wide) in paragraph at lines 2159--2165
[] 
 []

[104]
Overfull \hbox (7.54721pt too wide) in paragraph at lines 2179--2186
[] 
 []


Overfull \hbox (11.99997pt too wide) in paragraph at lines 2188--2195
[] 
 []


Overfull \hbox (7.54721pt too wide) in paragraph at lines 2197--2210
[] 
 []


Overfull \hbox (11.99997pt too wide) in paragraph at lines 2212--2220
[] 
 []

[105]
Overfull \hbox (7.54721pt too wide) in paragraph at lines 2234--2241
[] 
 []


Overfull \hbox (11.99997pt too wide) in paragraph at lines 2243--2250
[] 
 []


Overfull \hbox (7.54721pt too wide) in paragraph at lines 2252--2265
[] 
 []


Overfull \hbox (11.99997pt too wide) in paragraph at lines 2267--2275
[] 
 []

[106]
Overfull \hbox (7.54721pt too wide) in paragraph at lines 2289--2296
[] 
 []


Overfull \hbox (11.99997pt too wide) in paragraph at lines 2298--2305
[] 
 []


Overfull \hbox (7.54721pt too wide) in paragraph at lines 2307--2320
[] 
 []


Overfull \hbox (11.99997pt too wide) in paragraph at lines 2322--2330
[] 
 []

[107]
Overfull \hbox (7.54721pt too wide) in paragraph at lines 2344--2351
[] 
 []


Overfull \hbox (11.99997pt too wide) in paragraph at lines 2353--2360
[] 
 []


Overfull \hbox (7.54721pt too wide) in paragraph at lines 2362--2375
[] 
 []


Overfull \hbox (11.99997pt too wide) in paragraph at lines 2377--2385
[] 
 []

[108]
Overfull \hbox (7.54721pt too wide) in paragraph at lines 2399--2406
[] 
 []


Overfull \hbox (11.99997pt too wide) in paragraph at lines 2408--2415
[] 
 []


Overfull \hbox (7.54721pt too wide) in paragraph at lines 2417--2430
[] 
 []


Overfull \hbox (11.99997pt too wide) in paragraph at lines 2432--2440
[] 
 []

[109]
Overfull \hbox (7.54721pt too wide) in paragraph at lines 2454--2461
[] 
 []


Overfull \hbox (11.99997pt too wide) in paragraph at lines 2463--2470
[] 
 []


Overfull \hbox (7.54721pt too wide) in paragraph at lines 2472--2485
[] 
 []


Overfull \hbox (11.99997pt too wide) in paragraph at lines 2487--2495
[] 
 []

[110] (./cebir-ve-evren-defteri.aux)
 ***********
LaTeX2e <2023-11-01> patch level 1
L3 programming layer <2024-01-22>
 ***********
 ) 
Here is how much of TeX's memory you used:
 2858 strings out of 474222
 47085 string characters out of 5748734
 1934975 words of memory out of 5000000
 25118 multiletter control sequences out of 15000+600000
 564401 words of font info for 60 fonts, out of 8000000 for 9000
 1141 hyphenation exceptions out of 8191
 57i,12n,65p,232b,182s stack positions out of 10000i,1000n,20000p,200000b,200000s
</usr/share/texlive/texmf-dist/fonts/type1/public/amsfonts/cm/cmbx12.pfb></us
r/share/texlive/texmf-dist/fonts/type1/public/amsfonts/cm/cmr12.pfb></usr/share
/texlive/texmf-dist/fonts/type1/public/amsfonts/cm/cmr6.pfb></usr/share/texlive
/texmf-dist/fonts/type1/public/amsfonts/cm/cmtt12.pfb>
Output written on cebir-ve-evren-defteri.pdf (110 pages, 2676758 bytes).
PDF statistics:
 461 PDF objects out of 1000 (max. 8388607)
 258 compressed objects within 3 object streams
 0 named destinations out of 1000 (max. 500000)
 291 words of extra memory for PDF output out of 10000 (max. 10000000)

